# JRE version: OpenJDK Runtime Environment (17.0.2+8) (build 17.0.2+8-86)
# Java VM: OpenJDK 64-Bit Server VM (17.0.2+8-86, mixed mode, sharing, tiered, compressed oops, compressed class ptrs, g1 gc, windows-amd64)
GC Precious Log:
 CPUs: 8 total, 8 available
 Memory: 12143M
 Large Page Support: Disabled
 NUMA Support: Disabled
 Compressed Oops: Enabled (Zero based)
 Heap Region Size: 2M
 Heap Min Capacity: 8M
 Heap Initial Capacity: 190M
 Heap Max Capacity: 3036M
 Pre-touch: Disabled
 Parallel Workers: 8
 Concurrent Workers: 2
 Concurrent Refinement Workers: 8
 Periodic GC: Disabled
Heap:
 garbage-first heap   total 194560K, used 18972K [0x0000000742400000, 0x0000000800000000)
  region size 2048K, 7 young (14336K), 4 survivors (8192K)
 Metaspace       used 14725K, committed 15104K, reserved 1064960K
  class space    used 1703K, committed 1856K, reserved 1048576K
GC Heap History (6 events):
Event: 4.798 GC heap before
{Heap before GC invocations=0 (full 0):
 garbage-first heap   total 194560K, used 22528K [0x0000000742400000, 0x0000000800000000)
  region size 2048K, 11 young (22528K), 0 survivors (0K)
 Metaspace       used 6753K, committed 6976K, reserved 1056768K
  class space    used 718K, committed 832K, reserved 1048576K
}
Event: 4.805 GC heap after
{Heap after GC invocations=1 (full 0):
 garbage-first heap   total 194560K, used 5786K [0x0000000742400000, 0x0000000800000000)
  region size 2048K, 2 young (4096K), 2 survivors (4096K)
 Metaspace       used 6753K, committed 6976K, reserved 1056768K
  class space    used 718K, committed 832K, reserved 1048576K
}
Event: 5.424 GC heap before
{Heap before GC invocations=1 (full 0):
 garbage-first heap   total 194560K, used 26266K [0x0000000742400000, 0x0000000800000000)
  region size 2048K, 13 young (26624K), 2 survivors (4096K)
 Metaspace       used 8842K, committed 9088K, reserved 1064960K
  class space    used 918K, committed 1024K, reserved 1048576K
}
Event: 5.429 GC heap after
{Heap after GC invocations=2 (full 0):
 garbage-first heap   total 194560K, used 8200K [0x0000000742400000, 0x0000000800000000)
  region size 2048K, 2 young (4096K), 2 survivors (4096K)
 Metaspace       used 8842K, committed 9088K, reserved 1064960K
  class space    used 918K, committed 1024K, reserved 1048576K
}
Event: 6.806 GC heap before
{Heap before GC invocations=2 (full 0):
 garbage-first heap   total 194560K, used 69640K [0x0000000742400000, 0x0000000800000000)
  region size 2048K, 31 young (63488K), 2 survivors (4096K)
 Metaspace       used 14424K, committed 14784K, reserved 1064960K
  class space    used 1652K, committed 1792K, reserved 1048576K
}
Event: 6.818 GC heap after
{Heap after GC invocations=3 (full 0):
 garbage-first heap   total 194560K, used 14876K [0x0000000742400000, 0x0000000800000000)
  region size 2048K, 4 young (8192K), 4 survivors (8192K)
 Metaspace       used 14424K, committed 14784K, reserved 1064960K
  class space    used 1652K, committed 1792K, reserved 1048576K
}

